<?xml version="1.0" encoding="UTF-8" ?>
<testsuite errors="0" failures="0" hostname="svoboda" name="SemaphoreImplTest" skipped="0" tests="6" time="1.112" timestamp="2016-04-22T18:46:50">
  <properties>
    <property name="java.vendor" value="Oracle Corporation" />
    <property name="sun.java.launcher" value="SUN_STANDARD" />
    <property name="sun.management.compiler" value="HotSpot 64-Bit Tiered Compilers" />
    <property name="lib" value="C:\Users\Vadim\1lesson\Semaphore\lib" />
    <property name="os.name" value="Windows 8.1" />
    <property name="sun.boot.class.path" value="C:\Java\jdk1.8.0_31\jre\lib\resources.jar;C:\Java\jdk1.8.0_31\jre\lib\rt.jar;C:\Java\jdk1.8.0_31\jre\lib\sunrsasign.jar;C:\Java\jdk1.8.0_31\jre\lib\jsse.jar;C:\Java\jdk1.8.0_31\jre\lib\jce.jar;C:\Java\jdk1.8.0_31\jre\lib\charsets.jar;C:\Java\jdk1.8.0_31\jre\lib\jfr.jar;C:\Java\jdk1.8.0_31\jre\classes" />
    <property name="test.build" value="C:\Users\Vadim\1lesson\Semaphore\test.build" />
    <property name="user.country.format" value="UA" />
    <property name="sun.desktop" value="windows" />
    <property name="java.vm.specification.vendor" value="Oracle Corporation" />
    <property name="ant.file.Semaphore" value="C:\Users\Vadim\1lesson\Semaphore\build.xml" />
    <property name="ant.home" value="C:\Java\ANT\apache-ant-1.9.6" />
    <property name="java.runtime.version" value="1.8.0_31-b13" />
    <property name="user.name" value="Vadim" />
    <property name="user.language.format" value="uk" />
    <property name="build.dir" value="C:\Users\Vadim\1lesson\Semaphore\build" />
    <property name="user.language" value="en" />
    <property name="sun.boot.library.path" value="C:\Java\jdk1.8.0_31\jre\bin" />
    <property name="ant.project.name" value="Semaphore" />
    <property name="java.version" value="1.8.0_31" />
    <property name="user.timezone" value="Europe/Helsinki" />
    <property name="ant.file.type.Semaphore" value="file" />
    <property name="sun.arch.data.model" value="64" />
    <property name="java.endorsed.dirs" value="C:\Java\jdk1.8.0_31\jre\lib\endorsed" />
    <property name="sun.cpu.isalist" value="amd64" />
    <property name="sun.jnu.encoding" value="Cp1251" />
    <property name="file.encoding.pkg" value="sun.io" />
    <property name="file.separator" value="\" />
    <property name="java.specification.name" value="Java Platform API Specification" />
    <property name="java.class.version" value="52.0" />
    <property name="src" value="C:\Users\Vadim\1lesson\Semaphore\src" />
    <property name="user.country" value="US" />
    <property name="java.home" value="C:\Java\jdk1.8.0_31\jre" />
    <property name="java.vm.info" value="mixed mode" />
    <property name="ant.file" value="C:\Users\Vadim\1lesson\Semaphore\build.xml" />
    <property name="os.version" value="6.3" />
    <property name="path.separator" value=";" />
    <property name="java.vm.version" value="25.31-b07" />
    <property name="report.dir" value="C:\Users\Vadim\1lesson\Semaphore\build\junitreport" />
    <property name="user.variant" value="" />
    <property name="ant.library.dir" value="C:\Java\ANT\apache-ant-1.9.6\lib" />
    <property name="java.awt.printerjob" value="sun.awt.windows.WPrinterJob" />
    <property name="sun.io.unicode.encoding" value="UnicodeLittle" />
    <property name="awt.toolkit" value="sun.awt.windows.WToolkit" />
    <property name="sun.stdout.encoding" value="cp866" />
    <property name="user.script" value="" />
    <property name="user.home" value="C:\Users\Vadim" />
    <property name="java.specification.vendor" value="Oracle Corporation" />
    <property name="java.library.path" value="C:\Java\jdk1.8.0_31\jre\bin;C:\WINDOWS\Sun\Java\bin;C:\WINDOWS\system32;C:\WINDOWS;C:\Program Files\ImageMagick-6.7.7-Q16;C:\Program Files (x86)\ImageMagick-6.6.5-Q16;C:\ProgramData\Oracle\Java\javapath;C:\Program Files (x86)\NVIDIA Corporation\PhysX\Common;C:\Program Files (x86)\Intel\iCLS Client\;C:\Program Files\Intel\iCLS Client\;C:\WINDOWS\system32;C:\WINDOWS;C:\WINDOWS\System32\Wbem;C:\WINDOWS\System32\WindowsPowerShell\v1.0\;C:\Program Files\Intel\Intel(R) Management Engine Components\DAL;C:\Program Files\Intel\Intel(R) Management Engine Components\IPT;C:\Program Files (x86)\Intel\Intel(R) Management Engine Components\DAL;C:\Program Files (x86)\Intel\Intel(R) Management Engine Components\IPT;C:\Program Files (x86)\Intel\OpenCL SDK\2.0\bin\x86;C:\Program Files (x86)\Intel\OpenCL SDK\2.0\bin\x64;C:\Java\jdk1.8.0_31\bin;C:\apache-tomcat-7.0.59\lib\servlet-api.jar;C:\Java\apache-maven-3.2.5\\bin;C:\OpenServer\modules\php\PHP-5.6;C:\OpenServer\ZendFramework-2.4.7;C:\OpenServer\Git\cmd;C:\Program Files (x86)\Skype\Phone\;C:\Java\ANT\apache-ant-1.9.6\bin;." />
    <property name="java.vendor.url" value="http://java.oracle.com/" />
    <property name="java.vm.vendor" value="Oracle Corporation" />
    <property name="java.runtime.name" value="Java(TM) SE Runtime Environment" />
    <property name="sun.java.command" value="org.apache.tools.ant.taskdefs.optional.junit.JUnitTestRunner SemaphoreImplTest skipNonTests=false filtertrace=true haltOnError=false haltOnFailure=false formatter=org.apache.tools.ant.taskdefs.optional.junit.SummaryJUnitResultFormatter showoutput=false outputtoformatters=true logfailedtests=true threadid=0 logtestlistenerevents=false formatter=org.apache.tools.ant.taskdefs.optional.junit.XMLJUnitResultFormatter,C:\Users\Vadim\1lesson\Semaphore\build\junitreport\TEST-SemaphoreImplTest.xml crashfile=C:\Users\Vadim\1lesson\Semaphore\junitvmwatcher970815798247634422.properties propsfile=C:\Users\Vadim\1lesson\Semaphore\junit2832158223837632565.properties" />
    <property name="java.class.path" value="C:\Users\Vadim\1lesson\Semaphore\lib\hamcrest-core-1.3.jar;C:\Users\Vadim\1lesson\Semaphore\lib\hamcrest-library-1.3.jar;C:\Users\Vadim\1lesson\Semaphore\lib\junit-4.11.jar;C:\Users\Vadim\1lesson\Semaphore\lib\junit.jar;C:\Users\Vadim\1lesson\Semaphore\build\classes;C:\Java\ANT\apache-ant-1.9.6\lib\junit-4.11.jar;C:\Java\ANT\apache-ant-1.9.6\lib\ant-launcher.jar;C:\Java\ANT\apache-ant-1.9.6\lib\ant.jar;C:\Java\ANT\apache-ant-1.9.6\lib\ant-junit.jar;C:\Java\ANT\apache-ant-1.9.6\lib\ant-junit4.jar" />
    <property name="ant.version" value="Apache Ant(TM) version 1.9.6 compiled on June 29 2015" />
    <property name="java.vm.specification.name" value="Java Virtual Machine Specification" />
    <property name="ant.file.type" value="file" />
    <property name="java.vm.specification.version" value="1.8" />
    <property name="build.classes" value="C:\Users\Vadim\1lesson\Semaphore\build\classes" />
    <property name="sun.cpu.endian" value="little" />
    <property name="sun.os.patch.level" value="" />
    <property name="java.io.tmpdir" value="C:\Users\Vadim\AppData\Local\Temp\" />
    <property name="test.src" value="C:\Users\Vadim\1lesson\Semaphore\test" />
    <property name="java.vendor.url.bug" value="http://bugreport.sun.com/bugreport/" />
    <property name="os.arch" value="amd64" />
    <property name="java.awt.graphicsenv" value="sun.awt.Win32GraphicsEnvironment" />
    <property name="java.ext.dirs" value="C:\Java\jdk1.8.0_31\jre\lib\ext;C:\WINDOWS\Sun\Java\lib\ext" />
    <property name="user.dir" value="C:\Users\Vadim\1lesson\Semaphore" />
    <property name="line.separator" value="&#xd;&#xa;" />
    <property name="java.vm.name" value="Java HotSpot(TM) 64-Bit Server VM" />
    <property name="basedir" value="C:\Users\Vadim\1lesson\Semaphore" />
    <property name="ant.java.version" value="1.8" />
    <property name="ant.core.lib" value="C:\Java\ANT\apache-ant-1.9.6\lib\ant.jar" />
    <property name="sun.stderr.encoding" value="cp866" />
    <property name="file.encoding" value="Cp1251" />
    <property name="java.specification.version" value="1.8" />
    <property name="ant.project.invoked-targets" value="junit" />
  </properties>
  <testcase classname="SemaphoreImplTest" name="testAcquireAmount" time="0.006" />
  <testcase classname="SemaphoreImplTest" name="testAcquire" time="0.001" />
  <testcase classname="SemaphoreImplTest" name="testHundredThreads" time="0.003" />
  <testcase classname="SemaphoreImplTest" name="testReleaseAmount" time="0.001" />
  <testcase classname="SemaphoreImplTest" name="testRelease" time="0.001" />
  <testcase classname="SemaphoreImplTest" name="testGetAvailablePermits" time="1.009" />
  <system-out><![CDATA[ Test Acquire (5) 
 Test Acquire 
Hundred Thread Test 
Thread-0 Waiting
Thread-0 working ! 
Thread-0 end !
Thread-2 Waiting
Thread-5 Waiting
Thread-2 working ! 
Thread-1 Waiting
Thread-2 end !
Thread-1 working ! 
Thread-4 Waiting
Thread-1 end !
Thread-3 Waiting
Thread-4 working ! 
Thread-3 working ! 
Thread-4 end !
Thread-3 end !
Thread-5 working ! 
Thread-5 end !
Thread-7 Waiting
Thread-7 working ! 
Thread-7 end !
Thread-9 Waiting
Thread-9 working ! 
Thread-9 end !
Thread-11 Waiting
Thread-11 working ! 
Thread-11 end !
Thread-13 Waiting
Thread-13 working ! 
Thread-13 end !
Thread-15 Waiting
Thread-15 working ! 
Thread-15 end !
Thread-16 Waiting
Thread-16 working ! 
Thread-16 end !
Thread-6 Waiting
Thread-17 Waiting
Thread-8 Waiting
Thread-17 working ! 
Thread-18 Waiting
Thread-17 end !
Thread-18 working ! 
Thread-19 Waiting
Thread-8 working ! 
Thread-19 working ! 
Thread-8 end !
Thread-19 end !
Thread-6 working ! 
Thread-14 Waiting
Thread-6 end !
Thread-14 working ! 
Thread-12 Waiting
Thread-14 end !
Thread-12 working ! 
Thread-12 end !
Thread-10 Waiting
Thread-10 working ! 
 Test Release (10) 
Thread-10 end !
Thread-18 end !
Test Release
GetPermitsTest
Thread-21Waiting
Thread-22Waiting
Thread-20Waiting
Thread-21 working ! 
Thread-22 working ! 
Thread-20 working ! 
Thread-23Waiting
Thread-23 working ! 
]]></system-out>
  <system-err><![CDATA[]]></system-err>
</testsuite>
